<?xml version="1.0" encoding="UTF-8"?>
<!-- Generated by org.testng.reporters.JUnitXMLReporter -->
<testsuite hostname="LAPTOP-MBB7JRKJ" ignored="0" name="Free CRM App test Cases" tests="10" failures="0" timestamp="26 Mar 2020 04:47:58 GMT" time="105.009" errors="0">
  <testcase name="loginPageTitleTest" time="0.038" classname="com.crm.qa.testcases.loginPageTest"/>
  <testcase name="VerifyContactsLabelPage" time="0.549" classname="com.crm.qa.testcases.ContactspageTest"/>
  <testcase name="VerifyHomePageTitle" time="0.006" classname="com.crm.qa.testcases.HomePageTest"/>
  <testcase name="crmlogoPageTest" time="0.117" classname="com.crm.qa.testcases.loginPageTest"/>
  <testcase name="SelectContactspage" time="0.709" classname="com.crm.qa.testcases.ContactspageTest"/>
  <testcase name="verifyUserNameTest" time="0.07" classname="com.crm.qa.testcases.HomePageTest"/>
  <testcase name="loginTest" time="2.916" classname="com.crm.qa.testcases.loginPageTest"/>
  <testcase name="selectMultipleContactsTest" time="6.135" classname="com.crm.qa.testcases.ContactspageTest"/>
  <testcase name="contactsPageTest" time="0.144" classname="com.crm.qa.testcases.HomePageTest"/>
  <testcase name="clickOnDealsLink" time="0.133" classname="com.crm.qa.testcases.HomePageTest"/>
</testsuite> <!-- Free CRM App test Cases -->
